<?xml version="1.0" encoding="UTF-8"?>
<testng-results ignored="0" total="1" passed="1" failed="0" skipped="0">
  <reporter-output>
  </reporter-output>
  <suite started-at="2020-01-12T18:33:46Z" name="Default suite" finished-at="2020-01-12T18:34:14Z" duration-ms="28566">
    <groups>
    </groups>
    <test started-at="2020-01-12T18:33:46Z" name="Default test" finished-at="2020-01-12T18:34:14Z" duration-ms="28566">
      <class name="com.makemytrip.qa.testcases.Login_Page_Test">
        <test-method is-config="true" signature="setUp()[pri:0, instance:com.makemytrip.qa.testcases.Login_Page_Test@3e3047e6]" started-at="2020-01-13T00:03:46Z" name="setUp" finished-at="2020-01-13T00:04:10Z" duration-ms="24119" status="PASS">
          <reporter-output>
          </reporter-output>
        </test-method> <!-- setUp -->
        <test-method signature="loginTest()[pri:0, instance:com.makemytrip.qa.testcases.Login_Page_Test@3e3047e6]" started-at="2020-01-13T00:04:10Z" name="loginTest" finished-at="2020-01-13T00:04:14Z" duration-ms="3697" status="PASS">
          <reporter-output>
          </reporter-output>
        </test-method> <!-- loginTest -->
        <test-method is-config="true" signature="tearDown()[pri:0, instance:com.makemytrip.qa.testcases.Login_Page_Test@3e3047e6]" started-at="2020-01-13T00:04:14Z" name="tearDown" finished-at="2020-01-13T00:04:14Z" duration-ms="727" status="PASS">
          <reporter-output>
          </reporter-output>
        </test-method> <!-- tearDown -->
      </class> <!-- com.makemytrip.qa.testcases.Login_Page_Test -->
    </test> <!-- Default test -->
  </suite> <!-- Default suite -->
</testng-results>
